{"/home/reza/dbwebb-kurser/jsramverk/me/jsramverk-backend/text-editor-backend/app.js": {"path":"/home/reza/dbwebb-kurser/jsramverk/me/jsramverk-backend/text-editor-backend/app.js","statementMap":{"0":{"start":{"line":1,"column":0},"end":{"line":1,"column":27}},"1":{"start":{"line":2,"column":16},"end":{"line":2,"column":34}},"2":{"start":{"line":3,"column":13},"end":{"line":3,"column":28}},"3":{"start":{"line":4,"column":18},"end":{"line":4,"column":43}},"4":{"start":{"line":8,"column":12},"end":{"line":8,"column":21}},"5":{"start":{"line":12,"column":0},"end":{"line":12,"column":24}},"6":{"start":{"line":14,"column":0},"end":{"line":14,"column":16}},"7":{"start":{"line":16,"column":0},"end":{"line":16,"column":49}},"8":{"start":{"line":18,"column":0},"end":{"line":18,"column":32}},"9":{"start":{"line":21,"column":0},"end":{"line":21,"column":22}}},"fnMap":{},"branchMap":{},"s":{"0":1,"1":1,"2":1,"3":1,"4":1,"5":1,"6":1,"7":1,"8":1,"9":1},"f":{},"b":{},"_coverageSchema":"1a1c01bbd47fc00a2c39e90264f33305004495a9","hash":"1219ab2b23f8a60507a7929d1b916d90923566e6"}
,"/home/reza/dbwebb-kurser/jsramverk/me/jsramverk-backend/text-editor-backend/controllers/docController.js": {"path":"/home/reza/dbwebb-kurser/jsramverk/me/jsramverk-backend/text-editor-backend/controllers/docController.js","statementMap":{"0":{"start":{"line":1,"column":12},"end":{"line":1,"column":39}},"1":{"start":{"line":2,"column":17},"end":{"line":2,"column":36}},"2":{"start":{"line":5,"column":15},"end":{"line":11,"column":1}},"3":{"start":{"line":7,"column":16},"end":{"line":7,"column":56}},"4":{"start":{"line":9,"column":4},"end":{"line":9,"column":30}},"5":{"start":{"line":10,"column":4},"end":{"line":10,"column":11}},"6":{"start":{"line":14,"column":15},"end":{"line":28,"column":1}},"7":{"start":{"line":15,"column":17},"end":{"line":15,"column":27}},"8":{"start":{"line":17,"column":4},"end":{"line":19,"column":5}},"9":{"start":{"line":18,"column":8},"end":{"line":18,"column":70}},"10":{"start":{"line":21,"column":16},"end":{"line":21,"column":38}},"11":{"start":{"line":27,"column":4},"end":{"line":27,"column":30}},"12":{"start":{"line":32,"column":15},"end":{"line":48,"column":1}},"13":{"start":{"line":36,"column":26},"end":{"line":36,"column":34}},"14":{"start":{"line":39,"column":4},"end":{"line":45,"column":5}},"15":{"start":{"line":40,"column":20},"end":{"line":40,"column":51}},"16":{"start":{"line":41,"column":8},"end":{"line":41,"column":34}},"17":{"start":{"line":44,"column":8},"end":{"line":44,"column":52}},"18":{"start":{"line":47,"column":4},"end":{"line":47,"column":15}},"19":{"start":{"line":53,"column":15},"end":{"line":63,"column":1}},"20":{"start":{"line":54,"column":17},"end":{"line":54,"column":27}},"21":{"start":{"line":56,"column":4},"end":{"line":58,"column":5}},"22":{"start":{"line":57,"column":8},"end":{"line":57,"column":70}},"23":{"start":{"line":60,"column":16},"end":{"line":60,"column":54}},"24":{"start":{"line":62,"column":4},"end":{"line":62,"column":30}},"25":{"start":{"line":68,"column":16},"end":{"line":80,"column":1}},"26":{"start":{"line":69,"column":17},"end":{"line":69,"column":27}},"27":{"start":{"line":71,"column":4},"end":{"line":73,"column":5}},"28":{"start":{"line":72,"column":8},"end":{"line":72,"column":70}},"29":{"start":{"line":75,"column":16},"end":{"line":77,"column":6}},"30":{"start":{"line":79,"column":4},"end":{"line":79,"column":30}},"31":{"start":{"line":83,"column":0},"end":{"line":89,"column":1}}},"fnMap":{"0":{"name":"(anonymous_0)","decl":{"start":{"line":5,"column":15},"end":{"line":5,"column":16}},"loc":{"start":{"line":5,"column":41},"end":{"line":11,"column":1}},"line":5},"1":{"name":"(anonymous_1)","decl":{"start":{"line":14,"column":15},"end":{"line":14,"column":16}},"loc":{"start":{"line":14,"column":35},"end":{"line":28,"column":1}},"line":14},"2":{"name":"(anonymous_2)","decl":{"start":{"line":32,"column":15},"end":{"line":32,"column":16}},"loc":{"start":{"line":32,"column":35},"end":{"line":48,"column":1}},"line":32},"3":{"name":"(anonymous_3)","decl":{"start":{"line":53,"column":15},"end":{"line":53,"column":16}},"loc":{"start":{"line":53,"column":35},"end":{"line":63,"column":1}},"line":53},"4":{"name":"(anonymous_4)","decl":{"start":{"line":68,"column":16},"end":{"line":68,"column":17}},"loc":{"start":{"line":68,"column":36},"end":{"line":80,"column":1}},"line":68}},"branchMap":{"0":{"loc":{"start":{"line":17,"column":4},"end":{"line":19,"column":5}},"type":"if","locations":[{"start":{"line":17,"column":4},"end":{"line":19,"column":5}},{"start":{},"end":{}}],"line":17},"1":{"loc":{"start":{"line":56,"column":4},"end":{"line":58,"column":5}},"type":"if","locations":[{"start":{"line":56,"column":4},"end":{"line":58,"column":5}},{"start":{},"end":{}}],"line":56},"2":{"loc":{"start":{"line":71,"column":4},"end":{"line":73,"column":5}},"type":"if","locations":[{"start":{"line":71,"column":4},"end":{"line":73,"column":5}},{"start":{},"end":{}}],"line":71}},"s":{"0":1,"1":1,"2":1,"3":1,"4":1,"5":1,"6":1,"7":2,"8":2,"9":1,"10":1,"11":1,"12":1,"13":2,"14":2,"15":2,"16":1,"17":1,"18":2,"19":1,"20":1,"21":1,"22":0,"23":1,"24":1,"25":1,"26":1,"27":1,"28":0,"29":1,"30":1,"31":1},"f":{"0":1,"1":2,"2":2,"3":1,"4":1},"b":{"0":[1,1],"1":[0,1],"2":[0,1]},"_coverageSchema":"1a1c01bbd47fc00a2c39e90264f33305004495a9","hash":"af7853e53b12578f52c25d9c46dd2d31d24e25bb"}
,"/home/reza/dbwebb-kurser/jsramverk/me/jsramverk-backend/text-editor-backend/models/Docmnt.js": {"path":"/home/reza/dbwebb-kurser/jsramverk/me/jsramverk-backend/text-editor-backend/models/Docmnt.js","statementMap":{"0":{"start":{"line":1,"column":17},"end":{"line":1,"column":36}},"1":{"start":{"line":3,"column":15},"end":{"line":3,"column":30}},"2":{"start":{"line":6,"column":18},"end":{"line":17,"column":2}},"3":{"start":{"line":20,"column":0},"end":{"line":20,"column":50}}},"fnMap":{},"branchMap":{},"s":{"0":1,"1":1,"2":1,"3":1},"f":{},"b":{},"_coverageSchema":"1a1c01bbd47fc00a2c39e90264f33305004495a9","hash":"3c3ac9e01e99a169b3db0a043538a3425bf3fce8"}
,"/home/reza/dbwebb-kurser/jsramverk/me/jsramverk-backend/text-editor-backend/routes/route.js": {"path":"/home/reza/dbwebb-kurser/jsramverk/me/jsramverk-backend/text-editor-backend/routes/route.js","statementMap":{"0":{"start":{"line":1,"column":16},"end":{"line":1,"column":34}},"1":{"start":{"line":2,"column":52},"end":{"line":2,"column":91}},"2":{"start":{"line":4,"column":15},"end":{"line":4,"column":31}},"3":{"start":{"line":8,"column":0},"end":{"line":8,"column":24}},"4":{"start":{"line":11,"column":0},"end":{"line":11,"column":27}},"5":{"start":{"line":15,"column":0},"end":{"line":15,"column":31}},"6":{"start":{"line":18,"column":0},"end":{"line":18,"column":30}},"7":{"start":{"line":21,"column":0},"end":{"line":21,"column":30}},"8":{"start":{"line":25,"column":0},"end":{"line":25,"column":24}}},"fnMap":{},"branchMap":{},"s":{"0":1,"1":1,"2":1,"3":1,"4":1,"5":1,"6":1,"7":1,"8":1},"f":{},"b":{},"_coverageSchema":"1a1c01bbd47fc00a2c39e90264f33305004495a9","hash":"ca1eae5863551a86746cc8f2b1e92c15b8fdd0af"}
}
