TN:
SF:app.js
FNF:0
FNH:0
DA:1,1
DA:2,1
DA:3,1
DA:4,1
DA:8,1
DA:12,1
DA:14,1
DA:16,1
DA:18,1
DA:21,1
LF:10
LH:10
BRF:0
BRH:0
end_of_record
TN:
SF:controllers/docController.js
FN:5,(anonymous_0)
FN:14,(anonymous_1)
FN:32,(anonymous_2)
FN:53,(anonymous_3)
FN:68,(anonymous_4)
FNF:5
FNH:5
FNDA:1,(anonymous_0)
FNDA:2,(anonymous_1)
FNDA:2,(anonymous_2)
FNDA:1,(anonymous_3)
FNDA:1,(anonymous_4)
DA:1,1
DA:2,1
DA:5,1
DA:7,1
DA:9,1
DA:10,1
DA:14,1
DA:15,2
DA:17,2
DA:18,1
DA:21,1
DA:27,1
DA:32,1
DA:36,2
DA:39,2
DA:40,2
DA:41,1
DA:44,1
DA:47,2
DA:53,1
DA:54,1
DA:56,1
DA:57,0
DA:60,1
DA:62,1
DA:68,1
DA:69,1
DA:71,1
DA:72,0
DA:75,1
DA:79,1
DA:83,1
LF:32
LH:30
BRDA:17,0,0,1
BRDA:17,0,1,1
BRDA:56,1,0,0
BRDA:56,1,1,1
BRDA:71,2,0,0
BRDA:71,2,1,1
BRF:6
BRH:4
end_of_record
TN:
SF:models/Docmnt.js
FNF:0
FNH:0
DA:1,1
DA:3,1
DA:6,1
DA:20,1
LF:4
LH:4
BRF:0
BRH:0
end_of_record
TN:
SF:routes/route.js
FNF:0
FNH:0
DA:1,1
DA:2,1
DA:4,1
DA:8,1
DA:11,1
DA:15,1
DA:18,1
DA:21,1
DA:25,1
LF:9
LH:9
BRF:0
BRH:0
end_of_record
